       1                                         .title m9312l47 - low rom - show modelcode, control registers/controllers, then boot
       2                                
       3                                ;--
       4                                ;-- Copyright (c) 2008-2020 Sytse van Slooten
       5                                ;--
       6                                ;-- Permission is hereby granted to any person obtaining a copy of these VHDL source files and
       7                                ;-- other language source files and associated documentation files ("the materials") to use
       8                                ;-- these materials solely for personal, non-commercial purposes.
       9                                ;-- You are also granted permission to make changes to the materials, on the condition that this
      10                                ;-- copyright notice is retained unchanged.
      11                                ;--
      12                                ;-- The materials are distributed in the hope that they will be useful, but WITHOUT ANY WARRANTY;
      13                                ;-- without even the implied warranty of MERCHANTABILITY or FITNESS FOR A PARTICULAR PURPOSE.
      14                                ;--
      15                                ;
      16                                ; $Revision$
      17                                ;
      18                                ; general purpose register definitions
      19                                ;
      20 000000                         r0       = %0
      21 000001                         r1       = %1
      22 000002                         r2       = %2
      23 000003                         r3       = %3
      24 000004                         r4       = %4
      25 000005                         r5       = %5
      26 000006                         r6       = %6
      27 000007                         r7       = %7
      28 000006                         sp       = %6
      29 000007                         pc       = %7
      30                                
      31                                         .asect
      32 165000                                  .=165000
      33 165000                                  base     =.
      34 165000 000000  000000  000000           .word 0,0,0,0
         165006 000000                  
      35 165010 000137  173004          prtoct:  jmp   @#173004
      36 165014 000137  173010          prtascz: jmp   @#173010
      37 165020                                  .=base+20
      38                                ;
      39                                ; delay a bit, give the terminal (if it's there) some time to boot
      40                                ;
      41 165020 005002                           clr   r2
      42                                10$:
      43 165022 005202                           inc   r2
      44 165024 001376                           bne   10$
      45                                ;
      46                                ; hello world
      47                                ;
      48 165026 012702  165352                   mov   #hello,r2
      49 165032 010701                           mov   pc,r1
      50 165034 000767                           br    prtascz
      51                                ;
      52                                ; decode cpu modelcode, should be in kernel r0 after reset
      53                                ;
      54                                mcode:
      55 165036 012702  000057                   mov   #47.,r2
      56                                10$:
      57 165042 005202                           inc   r2
      58 165044 020027  000012                   cmp   r0,#10.
      59 165050 002403                           blt   20$
      60 165052 162700  000012                   sub   #10.,r0
      61 165056 000771                           br    10$
      62                                20$:
      63 165060 062700  000060                   add   #48.,r0
      64 165064 105737  177564                   tstb  @#177564
      65 165070 100375                           bpl   .-4
      66 165072 110237  177566                   movb  r2,@#177566
      67 165076 105737  177564                   tstb  @#177564
      68 165102 100375                           bpl   .-4
      69 165104 110037  177566                   movb  r0,@#177566
      70                                ;
      71                                ; check for fpu
      72                                ;
      73 165110 012706  001000                   mov   #1000,sp
      74 165114 012737  165140  000010           mov   #60$,@#10
      75 165122 005037  000012                   clr   @#12
      76 165126 170011                           setd
      77 165130 012702  165422                   mov   #fpu,r2
      78 165134 010701                           mov   pc,r1
      79 165136 000726                           br    prtascz
      80                                60$:
      81                                ;
      82                                ;
      83                                ;
      84 165140 012702  165427                   mov   #crlf,r2
      85 165144 010701                           mov   pc,r1
      86 165146 000722                           br    prtascz
      87                                ;
      88                                ; list cr
      89                                ;
      90                                listcr:
      91 165150 005004                           clr   r4
      92 165152 012737  165230  000004           mov   #60$,@#4
      93 165160 005037  000006                   clr   @#6
      94                                10$:
      95 165164 005005                           clr   r5
      96                                20$:
      97 165166 012706  001000                   mov   #1000,sp      ; reset sp
      98                                ;         dec   r4            ; fixme, check if this can be combined on the tst (r4) for all models
      99                                ;         dec   r4
     100 165172 005744                           tst   -(r4)         ; check address
     101 165174 005705                           tst   r5            ; was this the first in a range
     102 165176 001003                           bne   30$           ; branch if no
     103 165200 010400                           mov   r4,r0
     104 165202 010701                           mov   pc,r1
     105 165204 000701                           br    prtoct
     106                                30$:
     107 165206 005205                           inc   r5            ; count valid addresses in seq
     108 165210 012700  165454                   mov   #adrtab,r0    ;
     109                                40$:
     110 165214 022004                           cmp   (r0)+,r4      ; match?
     111 165216 001404                           beq   50$           ; yes
     112 165220 005710                           tst   (r0)          ;
     113 165222 001761                           beq   20$           ; end of table - 0 in 2nd word? then try next
     114 165224 005720                           tst   (r0)+         ; bump
     115 165226 000772                           br    40$           ; try next table entry
     116                                50$:
     117                                60$:
     118 165230 005705                           tst   r5            ; did we find nothing?
     119 165232 001442                           beq   90$           ; no didn't find any responding addr
     120 165234 022705  000001                   cmp   #1,r5         ; did we find just one address?
     121 165240 001415                           beq   80$
     122 165242 011005                           mov   (r0),r5       ; save pointer to title
     123 165244 010400                           mov   r4,r0
     124 165246 005705                           tst   r5            ; break on title?
     125 165250 001002                           bne   64$
     126 165252 005200                           inc   r0
     127 165254 005200                           inc   r0
     128                                64$:
     129 165256 012702  165432                   mov   #sep,r2
     130 165262 010701                           mov   pc,r1
     131 165264 000653                           br    prtascz
     132 165266 010701                           mov   pc,r1
     133 165270 000647                           br    prtoct
     134 165272 000405                           br    82$
     135                                80$:
     136 165274 011005                           mov   (r0),r5
     137 165276 012702  165441                   mov   #ssep,r2
     138 165302 010701                           mov   pc,r1
     139 165304 000643                           br    prtascz
     140                                82$:
     141 165306 005705                           tst   r5
     142 165310 001407                           beq   84$
     143 165312 012702  165436                   mov   #tsep,r2
     144 165316 010701                           mov   pc,r1
     145 165320 000635                           br    prtascz
     146 165322 010502                           mov   r5,r2
     147 165324 010701                           mov   pc,r1
     148 165326 000632                           br    prtascz
     149                                84$:
     150 165330 012702  165427                   mov   #crlf,r2
     151 165334 010701                           mov   pc,r1
     152 165336 000626                           br    prtascz
     153                                90$:
     154 165340 022704  160000                   cmp   #160000,r4
     155 165344 002707                           blt   10$
     156 165346 000137  173000                   jmp   @#173000
     157                                ;
     158                                ; data
     159                                ;
     160                                         .even
     161                                
     162 165352    040     015     012  hello:   .ascii / /<15><12>
     163 165355    110     145     154           .asciz /Hello, world [PDP2011 boot]: cpu 11/<57>
         165360    154     157     054  
         165363    040     167     157  
         165366    162     154     144  
         165371    040     133     120  
         165374    104     120     062  
         165377    060     061     061  
         165402    040     142     157  
         165405    157     164     135  
         165410    072     040     143  
         165413    160     165     040  
         165416    061     061     057  
         165421    000                  
     164 165422    040     146     160  fpu:     .asciz / fpu/
         165425    165     000          
     165 165427    015     012     000  crlf:    .asciz <15><12>
     166 165432    040     055     040  sep:     .asciz / - /
         165435    000                  
     167 165436    040     040     000  tsep:    .asciz /  /
     168 165441    040     040     040  ssep:    .asciz /         /
         165444    040     040     040  
         165447    040     040     040  
         165452    000                  
     169                                
     170 165453    000                            .even
     171 165454 177776  165644          adrtab:   .word 177776,tpsw
     172 165460 177774  165650                    .word 177774,tslr
     173 165464 177772  165654                    .word 177772,tpirq
     174 165470 177770  165660                    .word 177770,tmbr
     175 165474 177766  165664                    .word 177766,tcer
     176 165500 177764  165670                    .word 177764,tsys
     177 165504 177760  165673                    .word 177760,tsiz
     178 165510 177752  165750                    .word 177752,tmem
     179 165514 177750  165744                    .word 177750,tbr
     180 165520 177740  165750                    .word 177740,tmem
     181 165524 177600  165753                    .word 177600,tpdr
     182 165530 177572  165700                    .word 177572,tmmu
     183 165534 177570  165731                    .word 177570,tsdr
     184 165540 177560  165726                    .word 177560,tkl
     185 165544 177546  165723                    .word 177546,tkw
     186 165550 177400  165707                    .word 177400,trk
     187 165554 176700  165712                    .word 176700,trh
     188 165560 176520  165726                    .word 176520,tkl
     189 165564 176510  165726                    .word 176510,tkl
     190 165570 176500  165726                    .word 176500,tkl
     191 165574 174510  165741                    .word 174510,txu
     192 165600 174400  165704                    .word 174400,trl
     193 165604 173000  165715                    .word 173000,tm9312
     194 165610 172300  165753                    .word 172300,tpdr
     195 165614 172200  165753                    .word 172200,tpdr
     196 165620 172516  165700                    .word 172516,tmmu
     197 165624 170200  165735                    .word 170200,tubm
     198 165630 167770  165763                    .word 167770,tdr11c
     199 165634 165000  165715                    .word 165000,tm9312
     200 165640 000000  000000                    .word 0,0
     201                                ;
     202 165644    160     163     167  tpsw:    .asciz /psw/
         165647    000                  
     203 165650    163     154     162  tslr:    .asciz /slr/
         165653    000                  
     204 165654    160     151     162  tpirq:   .asciz /pir/
         165657    000                  
     205 165660    155     142     162  tmbr:    .asciz /mbr/
         165663    000                  
     206 165664    143     145     162  tcer:    .asciz /cer/
         165667    000                  
     207 165670    151     144     000  tsys:    .asciz /id/
     208 165673    163     151     172  tsiz:    .asciz /size/
         165676    145     000          
     209 165700    155     155     165  tmmu:    .asciz /mmu/
         165703    000                  
     210 165704    162     154     000  trl:     .asciz /rl/
     211 165707    162     153     000  trk:     .asciz /rk/
     212 165712    162     150     000  trh:     .asciz /rh/
     213 165715    155     071     063  tm9312:  .asciz /m9312/
         165720    061     062     000  
     214 165723    153     167     000  tkw:     .asciz /kw/
     215 165726    153     154     000  tkl:     .asciz /kl/
     216 165731    163     144     162  tsdr:    .asciz /sdr/
         165734    000                  
     217 165735    165     142     155  tubm:    .asciz /ubm/
         165740    000                  
     218 165741    170     165     000  txu:     .asciz /xu/
     219 165744    155     156     164  tbr:     .asciz /mnt/
         165747    000                  
     220 165750    155     162     000  tmem:    .asciz /mr/
     221 165753    160     144     162  tpdr:    .ascii /pdr/
     222 165756    057                           .ascii <57>
     223 165757    160     141     162           .asciz /par/
         165762    000                  
     224 165763    144     162     061  tdr11c:  .asciz /dr11c/
         165766    061     143     000  
     224                                
